0 info it worked if it ends with ok
1 verbose cli [ '/usr/bin/nodejs',
1 verbose cli   '/usr/bin/npm',
1 verbose cli   'install',
1 verbose cli   'generator-angular:controller' ]
2 info using npm@3.5.2
3 info using node@v4.2.6
4 silly loadCurrentTree Starting
5 silly install loadCurrentTree
6 silly install readLocalPackageData
7 silly fetchPackageMetaData generator-angular:controller
8 silly fetchPackageMetaData Error: Unsupported URL Type: generator-angular:controller
8 silly fetchPackageMetaData     at parseUrl (/usr/share/npm/node_modules/npm-package-arg/npa.js:169:13)
8 silly fetchPackageMetaData     at npa (/usr/share/npm/node_modules/npm-package-arg/npa.js:75:12)
8 silly fetchPackageMetaData     at module.exports (/usr/share/npm/node_modules/realize-package-specifier/index.js:12:15)
8 silly fetchPackageMetaData     at fetchPackageMetadata (/usr/share/npm/lib/fetch-package-metadata.js:54:12)
8 silly fetchPackageMetaData     at /usr/share/npm/lib/install/deps.js:181:5
8 silly fetchPackageMetaData     at /usr/share/npm/node_modules/slide/lib/async-map.js:52:35
8 silly fetchPackageMetaData     at Array.forEach (native)
8 silly fetchPackageMetaData     at /usr/share/npm/node_modules/slide/lib/async-map.js:52:11
8 silly fetchPackageMetaData     at Array.forEach (native)
8 silly fetchPackageMetaData     at asyncMap (/usr/share/npm/node_modules/slide/lib/async-map.js:51:8)
8 silly fetchPackageMetaData  error for generator-angular:controller [Error: Unsupported URL Type: generator-angular:controller]
9 silly rollbackFailedOptional Starting
10 silly rollbackFailedOptional Finishing
11 silly runTopLevelLifecycles Starting
12 silly runTopLevelLifecycles Finishing
13 silly install printInstalled
14 verbose stack Error: Unsupported URL Type: generator-angular:controller
14 verbose stack     at parseUrl (/usr/share/npm/node_modules/npm-package-arg/npa.js:169:13)
14 verbose stack     at npa (/usr/share/npm/node_modules/npm-package-arg/npa.js:75:12)
14 verbose stack     at module.exports (/usr/share/npm/node_modules/realize-package-specifier/index.js:12:15)
14 verbose stack     at fetchPackageMetadata (/usr/share/npm/lib/fetch-package-metadata.js:54:12)
14 verbose stack     at /usr/share/npm/lib/install/deps.js:181:5
14 verbose stack     at /usr/share/npm/node_modules/slide/lib/async-map.js:52:35
14 verbose stack     at Array.forEach (native)
14 verbose stack     at /usr/share/npm/node_modules/slide/lib/async-map.js:52:11
14 verbose stack     at Array.forEach (native)
14 verbose stack     at asyncMap (/usr/share/npm/node_modules/slide/lib/async-map.js:51:8)
15 verbose cwd /home/bohdan/WORK/test-prerender
16 error Linux 4.10.0-27-generic
17 error argv "/usr/bin/nodejs" "/usr/bin/npm" "install" "generator-angular:controller"
18 error node v4.2.6
19 error npm  v3.5.2
20 error Unsupported URL Type: generator-angular:controller
21 error If you need help, you may report this error at:
21 error     <https://github.com/npm/npm/issues>
22 verbose exit [ 1, true ]
